<?xml version="1.0" encoding="UTF-8"?>
<!-- Generated by org.testng.reporters.JUnitReportReporter -->
<testsuite hostname="Nihar" failures="0" tests="2" name="seleniumWithdocker.SetUp_DockerGrid" time="20.100" errors="0" timestamp="2023-05-07T01:55:02 IST" skipped="0">
  <testcase classname="seleniumWithdocker.SetUp_DockerGrid" name="start_DockerGrid" time="15.048"/>
  <system-out/>
  <testcase classname="seleniumWithdocker.SetUp_DockerGrid" name="stop_DockerGrid" time="5.052"/>
  <system-out/>
</testsuite> <!-- seleniumWithdocker.SetUp_DockerGrid -->
