<?xml version="1.0" encoding="UTF-8"?>
<!-- Generated by org.testng.reporters.JUnitReportReporter -->
<testsuite hostname="Nihar" failures="0" tests="1" name="seleniumWithdocker.SeleniumWithChromeTest" time="6.917" errors="0" timestamp="2023-05-05T16:26:09 IST" skipped="0">
  <testcase classname="seleniumWithdocker.SeleniumWithChromeTest" name="assertTitle" time="6.917"/>
  <system-out/>
</testsuite> <!-- seleniumWithdocker.SeleniumWithChromeTest -->
