<?xml version="1.0" encoding="UTF-8"?>
<!-- Generated by org.testng.reporters.JUnitReportReporter -->
<testsuite hostname="Nihar" failures="0" tests="1" name="seleniumWithdocker.SeleniumWithWebBrowserTest" time="8.328" errors="0" timestamp="2023-05-07T02:09:04 IST" skipped="0">
  <testcase classname="seleniumWithdocker.SeleniumWithWebBrowserTest" name="assertTitle" time="8.328"/>
  <system-out/>
</testsuite> <!-- seleniumWithdocker.SeleniumWithWebBrowserTest -->
