<?xml version="1.0" encoding="UTF-8"?>
<!-- Generated by org.testng.reporters.JUnitReportReporter -->
<testsuite hostname="Nihar" failures="0" tests="1" name="seleniumWithdocker.SeleniumWithWebBrowserTest3" time="11.140" errors="0" timestamp="2023-05-06T16:24:42 IST" skipped="0">
  <testcase classname="seleniumWithdocker.SeleniumWithWebBrowserTest3" name="assertTitle" time="11.140"/>
  <system-out/>
</testsuite> <!-- seleniumWithdocker.SeleniumWithWebBrowserTest3 -->
