<?xml version="1.0" encoding="UTF-8"?>
<!-- Generated by org.testng.reporters.JUnitReportReporter -->
<testsuite hostname="Nihar" failures="0" tests="1" name="seleniumWithdocker.SeleniumWithWebBrowserTest5" time="9.217" errors="0" timestamp="2023-05-07T02:09:04 IST" skipped="0">
  <testcase classname="seleniumWithdocker.SeleniumWithWebBrowserTest5" name="assertTitle" time="9.217"/>
  <system-out/>
</testsuite> <!-- seleniumWithdocker.SeleniumWithWebBrowserTest5 -->
